c:\users\rochi\documents\github\adventure_of_code_22\adventure_of_code22\x64\debug\vc143.pdb
c:\users\rochi\documents\github\adventure_of_code_22\adventure_of_code22\x64\debug\vc143.idb
c:\users\rochi\documents\github\adventure_of_code_22\adventure_of_code22\x64\debug\main.obj
d:\personal\adventure_of_code_22\adventure_of_code22\x64\debug\vc143.pdb
d:\personal\adventure_of_code_22\adventure_of_code22\x64\debug\vc143.idb
d:\personal\adventure_of_code_22\adventure_of_code22\x64\debug\main.obj
c:\users\rochi\documents\github\adventure_of_code_22\adventure_of_code22\x64\debug\adventure_of_code22.exe
c:\users\rochi\documents\github\adventure_of_code_22\adventure_of_code22\x64\debug\adventure_of_code22.ilk
c:\users\rochi\documents\github\adventure_of_code_22\adventure_of_code22\x64\debug\adventure_of_code22.pdb
d:\personal\adventure_of_code_22\adventure_of_code22\x64\debug\repo.ilk
d:\personal\adventure_of_code_22\adventure_of_code22\x64\debug\adventure_of_code22.pdb
d:\personal\adventure_of_code_22\adventure_of_code22\x64\debug\repo.pdb
d:\personal\adventure_of_code_22\adventure_of_code22\x64\debug\adventur.6cee3925.tlog\cl.command.1.tlog
d:\personal\adventure_of_code_22\adventure_of_code22\x64\debug\adventur.6cee3925.tlog\cl.read.1.tlog
d:\personal\adventure_of_code_22\adventure_of_code22\x64\debug\adventur.6cee3925.tlog\cl.write.1.tlog
d:\personal\adventure_of_code_22\adventure_of_code22\x64\debug\adventur.6cee3925.tlog\link.27196-cvtres.read.1.tlog
d:\personal\adventure_of_code_22\adventure_of_code22\x64\debug\adventur.6cee3925.tlog\link.27196-cvtres.write.1.tlog
d:\personal\adventure_of_code_22\adventure_of_code22\x64\debug\adventur.6cee3925.tlog\link.27196-rc.read.1.tlog
d:\personal\adventure_of_code_22\adventure_of_code22\x64\debug\adventur.6cee3925.tlog\link.27196-rc.write.1.tlog
d:\personal\adventure_of_code_22\adventure_of_code22\x64\debug\adventur.6cee3925.tlog\link.27196.read.1.tlog
d:\personal\adventure_of_code_22\adventure_of_code22\x64\debug\adventur.6cee3925.tlog\link.27196.read.2.tlog
d:\personal\adventure_of_code_22\adventure_of_code22\x64\debug\adventur.6cee3925.tlog\link.27196.write.1.tlog
d:\personal\adventure_of_code_22\adventure_of_code22\x64\debug\adventur.6cee3925.tlog\link.command.1.tlog
d:\personal\adventure_of_code_22\adventure_of_code22\x64\debug\adventur.6cee3925.tlog\link.read.1.tlog
d:\personal\adventure_of_code_22\adventure_of_code22\x64\debug\adventur.6cee3925.tlog\link.write.1.tlog
